<?xml version="1.0" encoding="UTF-8"?>
<testsuite xmlns:xsi="http://www.w3.org/2001/XMLSchema-instance" xsi:noNamespaceSchemaLocation="https://maven.apache.org/surefire/maven-surefire-plugin/xsd/surefire-test-report.xsd" name="software.testing.fourinarow.GridPositionTest" time="0.002" tests="11" errors="0" skipped="0" failures="0">
  <properties>
    <property name="sun.desktop" value="windows"/>
    <property name="awt.toolkit" value="sun.awt.windows.WToolkit"/>
    <property name="java.specification.version" value="11"/>
    <property name="sun.cpu.isalist" value="amd64"/>
    <property name="sun.jnu.encoding" value="GBK"/>
    <property name="java.class.path" value="C:\Users\方块鲍勃\Desktop\Four-in-a-Row-start-master\target\test-classes;C:\Users\方块鲍勃\Desktop\Four-in-a-Row-start-master\target\classes;C:\Users\方块鲍勃\.m2\repository\org\openjfx\javafx-controls\11\javafx-controls-11.jar;C:\Users\方块鲍勃\.m2\repository\org\openjfx\javafx-controls\11\javafx-controls-11-win.jar;C:\Users\方块鲍勃\.m2\repository\org\openjfx\javafx-graphics\11\javafx-graphics-11.jar;C:\Users\方块鲍勃\.m2\repository\org\openjfx\javafx-graphics\11\javafx-graphics-11-win.jar;C:\Users\方块鲍勃\.m2\repository\org\openjfx\javafx-base\11\javafx-base-11.jar;C:\Users\方块鲍勃\.m2\repository\org\openjfx\javafx-base\11\javafx-base-11-win.jar;C:\Users\方块鲍勃\.m2\repository\org\junit\jupiter\junit-jupiter-api\5.6.0-M1\junit-jupiter-api-5.6.0-M1.jar;C:\Users\方块鲍勃\.m2\repository\org\apiguardian\apiguardian-api\1.1.0\apiguardian-api-1.1.0.jar;C:\Users\方块鲍勃\.m2\repository\org\opentest4j\opentest4j\1.2.0\opentest4j-1.2.0.jar;C:\Users\方块鲍勃\.m2\repository\org\junit\platform\junit-platform-commons\1.6.0-M1\junit-platform-commons-1.6.0-M1.jar;C:\Users\方块鲍勃\.m2\repository\org\junit\jupiter\junit-jupiter-params\5.6.0-M1\junit-jupiter-params-5.6.0-M1.jar;C:\Users\方块鲍勃\.m2\repository\org\junit\jupiter\junit-jupiter-engine\5.6.0-M1\junit-jupiter-engine-5.6.0-M1.jar;C:\Users\方块鲍勃\.m2\repository\org\junit\platform\junit-platform-engine\1.6.0-M1\junit-platform-engine-1.6.0-M1.jar;C:\Users\方块鲍勃\.m2\repository\org\testfx\testfx-core\4.0.16-alpha\testfx-core-4.0.16-alpha.jar;C:\Users\方块鲍勃\.m2\repository\org\hamcrest\hamcrest-core\1.3\hamcrest-core-1.3.jar;C:\Users\方块鲍勃\.m2\repository\org\assertj\assertj-core\3.13.2\assertj-core-3.13.2.jar;C:\Users\方块鲍勃\.m2\repository\org\testfx\testfx-junit5\4.0.16-alpha\testfx-junit5-4.0.16-alpha.jar;C:\Users\方块鲍勃\.m2\repository\org\jacoco\org.jacoco.agent\0.8.2\org.jacoco.agent-0.8.2-runtime.jar;"/>
    <property name="java.vm.vendor" value="JetBrains s.r.o"/>
    <property name="sun.arch.data.model" value="64"/>
    <property name="user.variant" value=""/>
    <property name="java.vendor.url" value="https://www.jetbrains.com/"/>
    <property name="user.timezone" value="Asia/Shanghai"/>
    <property name="java.vm.specification.version" value="11"/>
    <property name="os.name" value="Windows 10"/>
    <property name="sun.java.launcher" value="SUN_STANDARD"/>
    <property name="user.country" value="CN"/>
    <property name="sun.boot.library.path" value="E:\IntelliJ IDEA 2019.2.4\jbr\bin"/>
    <property name="sun.java.command" value="C:\Users\方块鲍勃\AppData\Local\Temp\surefire2622898536086525924\surefirebooter6765101449657732821.jar C:\Users\方块鲍勃\AppData\Local\Temp\surefire2622898536086525924 2019-11-25T18-55-44_117-jvmRun1 surefire12872764979638382216tmp surefire_014555826897266011674tmp"/>
    <property name="jdk.debug" value="release"/>
    <property name="surefire.test.class.path" value="C:\Users\方块鲍勃\Desktop\Four-in-a-Row-start-master\target\test-classes;C:\Users\方块鲍勃\Desktop\Four-in-a-Row-start-master\target\classes;C:\Users\方块鲍勃\.m2\repository\org\openjfx\javafx-controls\11\javafx-controls-11.jar;C:\Users\方块鲍勃\.m2\repository\org\openjfx\javafx-controls\11\javafx-controls-11-win.jar;C:\Users\方块鲍勃\.m2\repository\org\openjfx\javafx-graphics\11\javafx-graphics-11.jar;C:\Users\方块鲍勃\.m2\repository\org\openjfx\javafx-graphics\11\javafx-graphics-11-win.jar;C:\Users\方块鲍勃\.m2\repository\org\openjfx\javafx-base\11\javafx-base-11.jar;C:\Users\方块鲍勃\.m2\repository\org\openjfx\javafx-base\11\javafx-base-11-win.jar;C:\Users\方块鲍勃\.m2\repository\org\junit\jupiter\junit-jupiter-api\5.6.0-M1\junit-jupiter-api-5.6.0-M1.jar;C:\Users\方块鲍勃\.m2\repository\org\apiguardian\apiguardian-api\1.1.0\apiguardian-api-1.1.0.jar;C:\Users\方块鲍勃\.m2\repository\org\opentest4j\opentest4j\1.2.0\opentest4j-1.2.0.jar;C:\Users\方块鲍勃\.m2\repository\org\junit\platform\junit-platform-commons\1.6.0-M1\junit-platform-commons-1.6.0-M1.jar;C:\Users\方块鲍勃\.m2\repository\org\junit\jupiter\junit-jupiter-params\5.6.0-M1\junit-jupiter-params-5.6.0-M1.jar;C:\Users\方块鲍勃\.m2\repository\org\junit\jupiter\junit-jupiter-engine\5.6.0-M1\junit-jupiter-engine-5.6.0-M1.jar;C:\Users\方块鲍勃\.m2\repository\org\junit\platform\junit-platform-engine\1.6.0-M1\junit-platform-engine-1.6.0-M1.jar;C:\Users\方块鲍勃\.m2\repository\org\testfx\testfx-core\4.0.16-alpha\testfx-core-4.0.16-alpha.jar;C:\Users\方块鲍勃\.m2\repository\org\hamcrest\hamcrest-core\1.3\hamcrest-core-1.3.jar;C:\Users\方块鲍勃\.m2\repository\org\assertj\assertj-core\3.13.2\assertj-core-3.13.2.jar;C:\Users\方块鲍勃\.m2\repository\org\testfx\testfx-junit5\4.0.16-alpha\testfx-junit5-4.0.16-alpha.jar;C:\Users\方块鲍勃\.m2\repository\org\jacoco\org.jacoco.agent\0.8.2\org.jacoco.agent-0.8.2-runtime.jar;"/>
    <property name="sun.cpu.endian" value="little"/>
    <property name="user.home" value="C:\Users\方块鲍勃"/>
    <property name="user.language" value="zh"/>
    <property name="java.specification.vendor" value="Oracle Corporation"/>
    <property name="java.version.date" value="2019-07-16"/>
    <property name="java.home" value="E:\IntelliJ IDEA 2019.2.4\jbr"/>
    <property name="file.separator" value="\"/>
    <property name="basedir" value="C:\Users\方块鲍勃\Desktop\Four-in-a-Row-start-master"/>
    <property name="java.vm.compressedOopsMode" value="32-bit"/>
    <property name="line.separator" value="&#10;"/>
    <property name="java.specification.name" value="Java Platform API Specification"/>
    <property name="java.vm.specification.vendor" value="Oracle Corporation"/>
    <property name="java.awt.graphicsenv" value="sun.awt.Win32GraphicsEnvironment"/>
    <property name="surefire.real.class.path" value="C:\Users\方块鲍勃\AppData\Local\Temp\surefire2622898536086525924\surefirebooter6765101449657732821.jar"/>
    <property name="user.script" value=""/>
    <property name="sun.management.compiler" value="HotSpot 64-Bit Tiered Compilers"/>
    <property name="java.runtime.version" value="11.0.4+10-b304.77"/>
    <property name="user.name" value="方块鲍勃"/>
    <property name="path.separator" value=";"/>
    <property name="os.version" value="10.0"/>
    <property name="java.runtime.name" value="OpenJDK Runtime Environment"/>
    <property name="file.encoding" value="GBK"/>
    <property name="java.vm.name" value="OpenJDK 64-Bit Server VM"/>
    <property name="localRepository" value="C:\Users\方块鲍勃\.m2\repository"/>
    <property name="java.vendor.url.bug" value="https://youtrack.jetbrains.com"/>
    <property name="java.io.tmpdir" value="C:\Users\方块鲍勃\AppData\Local\Temp\"/>
    <property name="java.version" value="11.0.4"/>
    <property name="user.dir" value="C:\Users\方块鲍勃\Desktop\Four-in-a-Row-start-master"/>
    <property name="os.arch" value="amd64"/>
    <property name="java.vm.specification.name" value="Java Virtual Machine Specification"/>
    <property name="java.awt.printerjob" value="sun.awt.windows.WPrinterJob"/>
    <property name="sun.os.patch.level" value=""/>
    <property name="java.library.path" value="E:\IntelliJ IDEA 2019.2.4\jbr\bin;C:\WINDOWS\Sun\Java\bin;C:\WINDOWS\system32;C:\WINDOWS;E:\Xftp6\;C:\Program Files\Python37\Scripts\;C:\Program Files\Python37\;C:\Users\方块鲍勃\AppData\Local\Programs\Python\Python37-32\Scripts\;C:\Users\方块鲍勃\AppData\Local\Programs\Python\Python37-32\;C:\Users\方块鲍勃\AppData\Local\Microsoft\WindowsApps;C:\Program Files\Bandizip\;E:\mysql-8.0.15-winx64\bin;C:\WINDOWS\system32;E:\Git\cmd;E:\instantclient_10_2;E:\CLion 2019.1.4\jre64\bin;E:\CLion 2019.1.4\jre64\jre\bin;C:\Program Files\nodejs\;E:\apache-maven-3.6.1\bin;E:\apache-maven-3.6.1\bin;;C:\WINDOWS;C:\WINDOWS\System32\Wbem;C:\WINDOWS\System32\WindowsPowerShell\v1.0\;C:\WINDOWS\System32\OpenSSH\;C:\Users\方块鲍勃\AppData\Local\Microsoft\WindowsApps;C:\Program Files\Bandizip\;C:\Users\方块鲍勃\AppData\Local\BypassRuntm;;E:\CLion 2019.1.4\bin;;C:\Users\方块鲍勃\AppData\Roaming\npm;C:\Users\方块鲍勃\AppData\Local\Microsoft\WindowsApps;E:\Microsoft VS Code\bin;E:\IntelliJ IDEA 2019.2.4\bin;;."/>
    <property name="java.vendor" value="JetBrains s.r.o"/>
    <property name="java.vm.info" value="mixed mode, sharing"/>
    <property name="java.vm.version" value="11.0.4+10-b304.77"/>
    <property name="sun.io.unicode.encoding" value="UnicodeLittle"/>
    <property name="java.class.version" value="55.0"/>
  </properties>
  <testcase name="shouldSetRowWithZeroValue" classname="software.testing.fourinarow.GridPositionTest" time="0"/>
  <testcase name="shouldSetColumnWithNullValue" classname="software.testing.fourinarow.GridPositionTest" time="0"/>
  <testcase name="shouldSetRowWithNullValue" classname="software.testing.fourinarow.GridPositionTest" time="0"/>
  <testcase name="shouldThrowExceptionIfColumnIsNegative" classname="software.testing.fourinarow.GridPositionTest" time="0.002"/>
  <testcase name="shouldThrowExceptionIfRowIsNegative" classname="software.testing.fourinarow.GridPositionTest" time="0"/>
  <testcase name="shouldSetColumnWithPositiveValue" classname="software.testing.fourinarow.GridPositionTest" time="0"/>
  <testcase name="shouldCreateGridPositionWithPositiveValues" classname="software.testing.fourinarow.GridPositionTest" time="0"/>
  <testcase name="shouldSetRowWithPositiveValue" classname="software.testing.fourinarow.GridPositionTest" time="0"/>
  <testcase name="shouldSetColumnWithValueOne" classname="software.testing.fourinarow.GridPositionTest" time="0"/>
  <testcase name="shouldSetRowWithValueOne" classname="software.testing.fourinarow.GridPositionTest" time="0"/>
  <testcase name="shouldSetColumnWithZeroValue" classname="software.testing.fourinarow.GridPositionTest" time="0"/>
</testsuite>